<?xml version="1.0" encoding="UTF-8"?>
<!-- Generated by org.testng.reporters.JUnitXMLReporter -->
<testsuite ignored="0" hostname="Samanvitha" failures="0" tests="7" name="All Tests" time="90.026" errors="0" timestamp="2026-04-29T20:50:18 IST">
  <testcase classname="tests.LoginTest" name="testInvalidLoginAlert" time="1.866"/>
  <testcase classname="tests.LoginTest" name="testLogin" time="2.805"/>
  <testcase classname="tests.LoginTest" name="testLogin" time="1.81"/>
  <testcase classname="tests.LoginTest" name="testScreenshotDemo" time="2.958"/>
  <testcase classname="tests.CustomerTest" name="testCreateCustomer" time="8.591"/>
  <testcase classname="tests.AccountTest" name="testCreateAccount" time="11.686"/>
  <testcase classname="tests.FundTransferTest" name="testFundTransfer" time="9.085"/>
</testsuite> <!-- All Tests -->
