<?xml version="1.0" encoding="UTF-8"?>
<testng-results ignored="0" total="7" passed="7" failed="0" skipped="0">
  <reporter-output>
  </reporter-output>
  <suite started-at="2026-04-29T20:48:47 IST" name="BankBot Suite" finished-at="2026-04-29T20:50:17 IST" duration-ms="90026">
    <groups>
    </groups>
    <test started-at="2026-04-29T20:48:47 IST" name="All Tests" finished-at="2026-04-29T20:50:17 IST" duration-ms="90026">
      <class name="tests.LoginTest">
        <test-method is-config="true" signature="setUp()[pri:0, instance:tests.LoginTest@2d0399f4]" started-at="2026-04-29T20:48:47 IST" name="setUp" finished-at="2026-04-29T20:48:57 IST" duration-ms="9124" status="PASS">
          <reporter-output>
          </reporter-output>
        </test-method> <!-- setUp -->
        <test-method signature="testInvalidLoginAlert()[pri:0, instance:tests.LoginTest@2d0399f4]" started-at="2026-04-29T20:48:57 IST" name="testInvalidLoginAlert" finished-at="2026-04-29T20:48:58 IST" duration-ms="1866" status="PASS">
          <reporter-output>
          </reporter-output>
        </test-method> <!-- testInvalidLoginAlert -->
        <test-method is-config="true" signature="tearDown()[pri:0, instance:tests.LoginTest@2d0399f4]" started-at="2026-04-29T20:48:59 IST" name="tearDown" finished-at="2026-04-29T20:49:00 IST" duration-ms="1109" status="PASS">
          <reporter-output>
          </reporter-output>
        </test-method> <!-- tearDown -->
        <test-method is-config="true" signature="setUp()[pri:0, instance:tests.LoginTest@2d0399f4]" started-at="2026-04-29T20:49:00 IST" name="setUp" finished-at="2026-04-29T20:49:05 IST" duration-ms="5207" status="PASS">
          <reporter-output>
          </reporter-output>
        </test-method> <!-- setUp -->
        <test-method signature="testLogin(java.lang.String,java.lang.String,boolean)[pri:0, instance:tests.LoginTest@2d0399f4]" started-at="2026-04-29T20:49:05 IST" name="testLogin" data-provider="loginData" finished-at="2026-04-29T20:49:08 IST" duration-ms="2805" status="PASS">
          <params>
            <param index="0">
              <value>
                <![CDATA[mngr658981]]>
              </value>
            </param>
            <param index="1">
              <value>
                <![CDATA[avEgYzU]]>
              </value>
            </param>
            <param index="2">
              <value>
                <![CDATA[true]]>
              </value>
            </param>
          </params>
          <reporter-output>
          </reporter-output>
        </test-method> <!-- testLogin -->
        <test-method is-config="true" signature="tearDown()[pri:0, instance:tests.LoginTest@2d0399f4]" started-at="2026-04-29T20:49:08 IST" name="tearDown" finished-at="2026-04-29T20:49:10 IST" duration-ms="2043" status="PASS">
          <reporter-output>
          </reporter-output>
        </test-method> <!-- tearDown -->
        <test-method is-config="true" signature="setUp()[pri:0, instance:tests.LoginTest@2d0399f4]" started-at="2026-04-29T20:49:10 IST" name="setUp" finished-at="2026-04-29T20:49:19 IST" duration-ms="8801" status="PASS">
          <reporter-output>
          </reporter-output>
        </test-method> <!-- setUp -->
        <test-method signature="testLogin(java.lang.String,java.lang.String,boolean)[pri:0, instance:tests.LoginTest@2d0399f4]" started-at="2026-04-29T20:49:19 IST" name="testLogin" data-provider="loginData" finished-at="2026-04-29T20:49:20 IST" duration-ms="1810" status="PASS">
          <params>
            <param index="0">
              <value>
                <![CDATA[wrongUser]]>
              </value>
            </param>
            <param index="1">
              <value>
                <![CDATA[wrongPass]]>
              </value>
            </param>
            <param index="2">
              <value>
                <![CDATA[false]]>
              </value>
            </param>
          </params>
          <reporter-output>
          </reporter-output>
        </test-method> <!-- testLogin -->
        <test-method is-config="true" signature="tearDown()[pri:0, instance:tests.LoginTest@2d0399f4]" started-at="2026-04-29T20:49:20 IST" name="tearDown" finished-at="2026-04-29T20:49:22 IST" duration-ms="1302" status="PASS">
          <reporter-output>
          </reporter-output>
        </test-method> <!-- tearDown -->
        <test-method is-config="true" signature="setUp()[pri:0, instance:tests.LoginTest@2d0399f4]" started-at="2026-04-29T20:49:22 IST" name="setUp" finished-at="2026-04-29T20:49:25 IST" duration-ms="3616" status="PASS">
          <reporter-output>
          </reporter-output>
        </test-method> <!-- setUp -->
        <test-method signature="testScreenshotDemo()[pri:0, instance:tests.LoginTest@2d0399f4]" started-at="2026-04-29T20:49:25 IST" name="testScreenshotDemo" finished-at="2026-04-29T20:49:28 IST" duration-ms="2958" status="PASS">
          <reporter-output>
          </reporter-output>
        </test-method> <!-- testScreenshotDemo -->
        <test-method is-config="true" signature="tearDown()[pri:0, instance:tests.LoginTest@2d0399f4]" started-at="2026-04-29T20:49:28 IST" name="tearDown" finished-at="2026-04-29T20:49:29 IST" duration-ms="1115" status="PASS">
          <reporter-output>
          </reporter-output>
        </test-method> <!-- tearDown -->
      </class> <!-- tests.LoginTest -->
      <class name="tests.AccountTest">
        <test-method is-config="true" signature="setUp()[pri:0, instance:tests.AccountTest@147e2ae7]" started-at="2026-04-29T20:49:43 IST" name="setUp" finished-at="2026-04-29T20:49:46 IST" duration-ms="2462" status="PASS">
          <reporter-output>
          </reporter-output>
        </test-method> <!-- setUp -->
        <test-method signature="testCreateAccount()[pri:0, instance:tests.AccountTest@147e2ae7]" started-at="2026-04-29T20:49:46 IST" name="testCreateAccount" finished-at="2026-04-29T20:49:57 IST" duration-ms="11686" status="PASS">
          <reporter-output>
          </reporter-output>
        </test-method> <!-- testCreateAccount -->
        <test-method is-config="true" signature="tearDown()[pri:0, instance:tests.AccountTest@147e2ae7]" started-at="2026-04-29T20:49:57 IST" name="tearDown" finished-at="2026-04-29T20:49:59 IST" duration-ms="1145" status="PASS">
          <reporter-output>
          </reporter-output>
        </test-method> <!-- tearDown -->
      </class> <!-- tests.AccountTest -->
      <class name="tests.CustomerTest">
        <test-method is-config="true" signature="setUp()[pri:0, instance:tests.CustomerTest@78452606]" started-at="2026-04-29T20:49:29 IST" name="setUp" finished-at="2026-04-29T20:49:33 IST" duration-ms="3941" status="PASS">
          <reporter-output>
          </reporter-output>
        </test-method> <!-- setUp -->
        <test-method signature="testCreateCustomer()[pri:0, instance:tests.CustomerTest@78452606]" started-at="2026-04-29T20:49:33 IST" name="testCreateCustomer" finished-at="2026-04-29T20:49:42 IST" duration-ms="8591" status="PASS">
          <reporter-output>
          </reporter-output>
        </test-method> <!-- testCreateCustomer -->
        <test-method is-config="true" signature="tearDown()[pri:0, instance:tests.CustomerTest@78452606]" started-at="2026-04-29T20:49:42 IST" name="tearDown" finished-at="2026-04-29T20:49:43 IST" duration-ms="1402" status="PASS">
          <reporter-output>
          </reporter-output>
        </test-method> <!-- tearDown -->
      </class> <!-- tests.CustomerTest -->
      <class name="tests.FundTransferTest">
        <test-method is-config="true" signature="setUp()[pri:0, instance:tests.FundTransferTest@448c8166]" started-at="2026-04-29T20:49:59 IST" name="setUp" finished-at="2026-04-29T20:50:07 IST" duration-ms="8275" status="PASS">
          <reporter-output>
          </reporter-output>
        </test-method> <!-- setUp -->
        <test-method signature="testFundTransfer()[pri:0, instance:tests.FundTransferTest@448c8166]" started-at="2026-04-29T20:50:07 IST" name="testFundTransfer" finished-at="2026-04-29T20:50:16 IST" duration-ms="9085" status="PASS">
          <reporter-output>
          </reporter-output>
        </test-method> <!-- testFundTransfer -->
        <test-method is-config="true" signature="tearDown()[pri:0, instance:tests.FundTransferTest@448c8166]" started-at="2026-04-29T20:50:16 IST" name="tearDown" finished-at="2026-04-29T20:50:17 IST" duration-ms="1363" status="PASS">
          <reporter-output>
          </reporter-output>
        </test-method> <!-- tearDown -->
      </class> <!-- tests.FundTransferTest -->
    </test> <!-- All Tests -->
  </suite> <!-- BankBot Suite -->
</testng-results>
