<?xml version="1.0" encoding="UTF-8"?>
<!-- Generated by org.testng.reporters.JUnitReportReporter -->
<testsuite hostname="Samanvitha" failures="0" tests="4" name="tests.LoginTest" time="41.756" errors="0" timestamp="2026-04-29T20:50:18 IST" skipped="0">
  <testcase classname="tests.LoginTest" name="testScreenshotDemo" time="9.280"/>
  <testcase classname="tests.LoginTest" name="testLogin" time="12.043"/>
  <testcase classname="tests.LoginTest" name="testLogin" time="7.723"/>
  <testcase classname="tests.LoginTest" name="testInvalidLoginAlert" time="12.710"/>
</testsuite> <!-- tests.LoginTest -->
